Start testing: Sep 10 23:44 UTC
----------------------------------------------------------
1/1 Testing: nlp_framework_tests
1/1 Test: nlp_framework_tests
Command: "/home/runner/work/nlp_framework/nlp_framework/build/tests/nlp_framework_tests"
Directory: /home/runner/work/nlp_framework/nlp_framework/build/tests
"nlp_framework_tests" start time: Sep 10 23:44 UTC
Output:
----------------------------------------------------------
All tests passed
<end of output>
Test time =   0.00 sec
----------------------------------------------------------
Test Passed.
"nlp_framework_tests" end time: Sep 10 23:44 UTC
"nlp_framework_tests" time elapsed: 00:00:00
----------------------------------------------------------

End testing: Sep 10 23:44 UTC
